0 info it worked if it ends with ok
1 verbose cli [ '/usr/local/Cellar/node/7.2.0/bin/node',
1 verbose cli   '/usr/local/bin/npm',
1 verbose cli   'run',
1 verbose cli   'dev-server' ]
2 info using npm@3.10.9
3 info using node@v7.2.0
4 verbose run-script [ 'predev-server', 'dev-server', 'postdev-server' ]
5 info lifecycle react-fundamentals@1.0.0~predev-server: react-fundamentals@1.0.0
6 silly lifecycle react-fundamentals@1.0.0~predev-server: no script for predev-server, continuing
7 info lifecycle react-fundamentals@1.0.0~dev-server: react-fundamentals@1.0.0
8 verbose lifecycle react-fundamentals@1.0.0~dev-server: unsafe-perm in lifecycle true
9 verbose lifecycle react-fundamentals@1.0.0~dev-server: PATH: /usr/local/lib/node_modules/npm/bin/node-gyp-bin:/Users/jm/React/react-fundamentals/node_modules/.bin:/usr/local/Cellar/node/7.2.0/bin:/Users/jm/.rvm/gems/ruby-2.3.3/bin:/Users/jm/.rvm/gems/ruby-2.3.3@global/bin:/Users/jm/.rvm/rubies/ruby-2.3.3/bin:/usr/local/bin:/usr/bin:/bin:/usr/sbin:/sbin:/Users/jm/.rvm/bin
10 verbose lifecycle react-fundamentals@1.0.0~dev-server: CWD: /Users/jm/React/react-fundamentals
11 silly lifecycle react-fundamentals@1.0.0~dev-server: Args: [ '-c', 'webpack-dev-server' ]
12 silly lifecycle react-fundamentals@1.0.0~dev-server: Returned: code: 1  signal: null
13 info lifecycle react-fundamentals@1.0.0~dev-server: Failed to exec dev-server script
14 verbose stack Error: react-fundamentals@1.0.0 dev-server: `webpack-dev-server`
14 verbose stack Exit status 1
14 verbose stack     at EventEmitter.<anonymous> (/usr/local/lib/node_modules/npm/lib/utils/lifecycle.js:255:16)
14 verbose stack     at emitTwo (events.js:106:13)
14 verbose stack     at EventEmitter.emit (events.js:191:7)
14 verbose stack     at ChildProcess.<anonymous> (/usr/local/lib/node_modules/npm/lib/utils/spawn.js:40:14)
14 verbose stack     at emitTwo (events.js:106:13)
14 verbose stack     at ChildProcess.emit (events.js:191:7)
14 verbose stack     at maybeClose (internal/child_process.js:885:16)
14 verbose stack     at Process.ChildProcess._handle.onexit (internal/child_process.js:226:5)
15 verbose pkgid react-fundamentals@1.0.0
16 verbose cwd /Users/jm/React/react-fundamentals/src
17 error Darwin 15.0.0
18 error argv "/usr/local/Cellar/node/7.2.0/bin/node" "/usr/local/bin/npm" "run" "dev-server"
19 error node v7.2.0
20 error npm  v3.10.9
21 error code ELIFECYCLE
22 error react-fundamentals@1.0.0 dev-server: `webpack-dev-server`
22 error Exit status 1
23 error Failed at the react-fundamentals@1.0.0 dev-server script 'webpack-dev-server'.
23 error Make sure you have the latest version of node.js and npm installed.
23 error If you do, this is most likely a problem with the react-fundamentals package,
23 error not with npm itself.
23 error Tell the author that this fails on your system:
23 error     webpack-dev-server
23 error You can get information on how to open an issue for this project with:
23 error     npm bugs react-fundamentals
23 error Or if that isn't available, you can get their info via:
23 error     npm owner ls react-fundamentals
23 error There is likely additional logging output above.
24 verbose exit [ 1, true ]
